ERROR:SpiceCircuit:line starting with 'RX' not found in netlist
INFO:sim1:Simulation Successful. Time elapsed: 00:00:00
INFO:sim1:Simulation Successful. Time elapsed: 00:00:00
INFO:sim1:Simulation Successful. Time elapsed: 00:00:00
INFO:sim1:Simulation Successful. Time elapsed: 00:00:00
INFO:sim1:Simulation Successful. Time elapsed: 00:00:00
INFO:sim1:Simulation Successful. Time elapsed: 00:00:00
INFO:sim1:Simulation Successful. Time elapsed: 00:00:00
INFO:sim1:Simulation Successful. Time elapsed: 00:00:00
INFO:sim1:Simulation Successful. Time elapsed: 00:00:00
INFO:sim2:Simulation Successful. Time elapsed: 00:00:00
INFO:sim3:Simulation Successful. Time elapsed: 00:00:00
INFO:sim4:Simulation Successful. Time elapsed: 00:00:00
INFO:sim5:Simulation Successful. Time elapsed: 00:00:00
INFO:sim1:Simulation Successful. Time elapsed: 00:00:00
INFO:sim2:Simulation Successful. Time elapsed: 00:00:00
INFO:sim3:Simulation Successful. Time elapsed: 00:00:00
INFO:sim4:Simulation Successful. Time elapsed: 00:00:00
INFO:sim5:Simulation Successful. Time elapsed: 00:00:00
INFO:sim1:Simulation Successful. Time elapsed: 00:00:00
INFO:sim1:Simulation Successful. Time elapsed: 00:00:00
INFO:sim1:Simulation Successful. Time elapsed: 00:00:00
INFO:sim1:Simulation Successful. Time elapsed: 00:00:00
INFO:sim1:Simulation Successful. Time elapsed: 00:00:00
INFO:sim1:Simulation Successful. Time elapsed: 00:00:00
INFO:sim1:Simulation Successful. Time elapsed: 00:00:00
INFO:sim1:Simulation Successful. Time elapsed: 00:00:00
INFO:sim1:Simulation Successful. Time elapsed: 00:00:00
INFO:sim1:Simulation Successful. Time elapsed: 00:00:00
INFO:sim1:Simulation Successful. Time elapsed: 00:00:00
INFO:sim1:Simulation Successful. Time elapsed: 00:00:00
INFO:sim1:Simulation Successful. Time elapsed: 00:00:00
INFO:sim1:Simulation Successful. Time elapsed: 00:00:00
INFO:sim1:Simulation Successful. Time elapsed: 00:00:00
INFO:sim1:Simulation Successful. Time elapsed: 00:00:00
INFO:sim1:Simulation Successful. Time elapsed: 00:00:00
INFO:sim1:Simulation Successful. Time elapsed: 00:00:00
INFO:sim1:Simulation Successful. Time elapsed: 00:00:00
INFO:sim1:Simulation Successful. Time elapsed: 00:00:00
INFO:sim1:Simulation Successful. Time elapsed: 00:00:00
INFO:sim1:Simulation Successful. Time elapsed: 00:00:00
INFO:sim1:Simulation Successful. Time elapsed: 00:00:00
INFO:sim1:Simulation Successful. Time elapsed: 00:00:00
INFO:sim1:Simulation Successful. Time elapsed: 00:00:00
INFO:sim1:Simulation Successful. Time elapsed: 00:00:00
INFO:sim1:Simulation Successful. Time elapsed: 00:00:00
INFO:sim1:Simulation Successful. Time elapsed: 00:00:00
INFO:sim1:Simulation Successful. Time elapsed: 00:00:00
INFO:sim1:Simulation Successful. Time elapsed: 00:00:00
INFO:sim1:Simulation Successful. Time elapsed: 00:00:00
INFO:sim1:Simulation Successful. Time elapsed: 00:00:00
INFO:sim1:Simulation Successful. Time elapsed: 00:00:00
WARNING:sim1:Tue Nov 29 10:51:42 2022: Simulation Failed. Time elapsed 00:00:00:

WARNING:sim1:Tue Nov 29 10:52:14 2022: Simulation Failed. Time elapsed 00:00:00:

WARNING:sim1:Tue Nov 29 10:53:01 2022: Simulation Failed. Time elapsed 00:00:00:

WARNING:sim1:Tue Nov 29 10:53:08 2022: Simulation Failed. Time elapsed 00:00:00:

WARNING:sim1:Tue Nov 29 10:53:46 2022: Simulation Failed. Time elapsed 00:00:00:

WARNING:sim1:Tue Nov 29 10:55:03 2022: Simulation Failed. Time elapsed 00:00:00:

INFO:sim1:Simulation Successful. Time elapsed: 00:00:00
INFO:sim1:Simulation Successful. Time elapsed: 00:00:00
INFO:sim1:Simulation Successful. Time elapsed: 00:00:00
INFO:sim1:Simulation Successful. Time elapsed: 00:00:00
INFO:sim1:Simulation Successful. Time elapsed: 00:00:00
INFO:sim1:Simulation Successful. Time elapsed: 00:00:00
INFO:sim1:Simulation Successful. Time elapsed: 00:00:00
WARNING:sim1:Tue Nov 29 11:31:34 2022: Simulation Failed. Time elapsed 00:00:00:

WARNING:sim1:Tue Nov 29 11:34:14 2022: Simulation Failed. Time elapsed 00:00:00:

WARNING:sim1:Tue Nov 29 11:34:28 2022: Simulation Failed. Time elapsed 00:00:00:

WARNING:sim1:Tue Nov 29 11:34:53 2022: Simulation Failed. Time elapsed 00:00:00:

WARNING:sim1:Tue Nov 29 11:35:20 2022: Simulation Failed. Time elapsed 00:00:00:

WARNING:sim1:Tue Nov 29 11:37:36 2022: Simulation Failed. Time elapsed 00:00:00:

WARNING:sim1:Tue Nov 29 11:38:22 2022: Simulation Failed. Time elapsed 00:00:00:

WARNING:sim1:Tue Nov 29 11:38:44 2022: Simulation Failed. Time elapsed 00:00:00:

WARNING:sim1:Tue Nov 29 11:39:14 2022: Simulation Failed. Time elapsed 00:00:00:

WARNING:sim1:Tue Nov 29 11:41:05 2022: Simulation Failed. Time elapsed 00:00:00:

WARNING:sim1:Tue Nov 29 11:41:35 2022: Simulation Failed. Time elapsed 00:00:00:

WARNING:sim1:Tue Nov 29 11:42:22 2022: Simulation Failed. Time elapsed 00:00:00:

WARNING:sim1:Tue Nov 29 11:46:23 2022: Simulation Failed. Time elapsed 00:00:00:

WARNING:sim1:Tue Nov 29 11:48:23 2022: Simulation Failed. Time elapsed 00:00:00:

WARNING:sim1:Tue Nov 29 11:48:37 2022: Simulation Failed. Time elapsed 00:00:00:

WARNING:sim1:Tue Nov 29 11:50:08 2022: Simulation Failed. Time elapsed 00:00:00:

WARNING:sim1:Tue Nov 29 11:50:28 2022: Simulation Failed. Time elapsed 00:00:00:

WARNING:sim1:Tue Nov 29 11:50:48 2022: Simulation Failed. Time elapsed 00:00:00:

WARNING:sim1:Tue Nov 29 11:52:03 2022: Simulation Failed. Time elapsed 00:00:00:

WARNING:sim1:Tue Nov 29 11:52:40 2022: Simulation Failed. Time elapsed 00:00:00:

WARNING:sim1:Tue Nov 29 11:53:08 2022: Simulation Failed. Time elapsed 00:00:00:

WARNING:sim1:Tue Nov 29 11:53:27 2022: Simulation Failed. Time elapsed 00:00:00:

WARNING:sim1:Tue Nov 29 11:55:02 2022: Simulation Failed. Time elapsed 00:00:00:

WARNING:sim1:Tue Nov 29 11:55:16 2022: Simulation Failed. Time elapsed 00:00:00:

WARNING:sim1:Tue Nov 29 11:58:09 2022: Simulation Failed. Time elapsed 00:00:00:

WARNING:sim1:Tue Nov 29 11:59:25 2022: Simulation Failed. Time elapsed 00:00:00:

WARNING:sim1:Tue Nov 29 12:00:07 2022: Simulation Failed. Time elapsed 00:00:00:

WARNING:sim1:Tue Nov 29 12:02:23 2022: Simulation Failed. Time elapsed 00:00:00:

WARNING:sim1:Tue Nov 29 12:03:59 2022: Simulation Failed. Time elapsed 00:00:00:

WARNING:sim1:Tue Nov 29 12:06:06 2022: Simulation Failed. Time elapsed 00:00:00:

WARNING:sim1:Tue Nov 29 12:06:47 2022: Simulation Failed. Time elapsed 00:00:00:

WARNING:sim1:Tue Nov 29 12:08:18 2022: Simulation Failed. Time elapsed 00:00:00:

WARNING:sim1:Tue Nov 29 12:09:34 2022: Simulation Failed. Time elapsed 00:00:00:

WARNING:sim1:Tue Nov 29 12:11:51 2022: Simulation Failed. Time elapsed 00:00:00:

WARNING:sim1:Tue Nov 29 12:12:28 2022: Simulation Failed. Time elapsed 00:00:00:

WARNING:sim1:Tue Nov 29 12:12:52 2022: Simulation Failed. Time elapsed 00:00:00:

WARNING:sim1:Tue Nov 29 12:13:21 2022: Simulation Failed. Time elapsed 00:00:00:

WARNING:sim1:Tue Nov 29 12:14:01 2022: Simulation Failed. Time elapsed 00:00:00:

WARNING:sim2:Tue Nov 29 12:14:01 2022: Simulation Failed. Time elapsed 00:00:00:

WARNING:sim3:Tue Nov 29 12:14:01 2022: Simulation Failed. Time elapsed 00:00:00:

WARNING:sim1:Tue Nov 29 12:14:26 2022: Simulation Failed. Time elapsed 00:00:00:

WARNING:sim1:Tue Nov 29 12:15:36 2022: Simulation Failed. Time elapsed 00:00:00:

INFO:sim1:Simulation Successful. Time elapsed: 00:00:00
WARNING:sim1:Tue Nov 29 12:35:25 2022: Simulation Failed. Time elapsed 00:00:00:

INFO:sim1:Simulation Successful. Time elapsed: 00:00:00
INFO:sim1:Simulation Successful. Time elapsed: 00:00:00
INFO:sim1:Simulation Successful. Time elapsed: 00:00:00
INFO:sim1:Simulation Successful. Time elapsed: 00:00:00
INFO:sim1:Simulation Successful. Time elapsed: 00:00:00
WARNING:sim1:Tue Nov 29 13:14:50 2022: Simulation Failed. Time elapsed 00:00:00:

WARNING:sim1:Tue Nov 29 13:15:08 2022: Simulation Failed. Time elapsed 00:00:00:

WARNING:sim1:Tue Nov 29 13:15:44 2022: Simulation Failed. Time elapsed 00:00:00:

WARNING:sim1:Tue Nov 29 13:16:31 2022: Simulation Failed. Time elapsed 00:00:00:

WARNING:sim1:Tue Nov 29 13:16:56 2022: Simulation Failed. Time elapsed 00:00:00:

WARNING:sim1:Tue Nov 29 13:17:09 2022: Simulation Failed. Time elapsed 00:00:00:

INFO:sim1:Simulation Successful. Time elapsed: 00:00:00
INFO:sim1:Simulation Successful. Time elapsed: 00:00:00
INFO:sim1:Simulation Successful. Time elapsed: 00:00:00
INFO:sim1:Simulation Successful. Time elapsed: 00:00:00
INFO:sim1:Simulation Successful. Time elapsed: 00:00:00
INFO:sim1:Simulation Successful. Time elapsed: 00:00:00
INFO:sim1:Simulation Successful. Time elapsed: 00:00:00
INFO:sim1:Simulation Successful. Time elapsed: 00:00:00
INFO:sim1:Simulation Successful. Time elapsed: 00:00:00
INFO:sim1:Simulation Successful. Time elapsed: 00:00:00
INFO:sim1:Simulation Successful. Time elapsed: 00:00:00
INFO:sim1:Simulation Successful. Time elapsed: 00:00:00
INFO:sim1:Simulation Successful. Time elapsed: 00:00:00
INFO:sim1:Simulation Successful. Time elapsed: 00:00:00
INFO:sim1:Simulation Successful. Time elapsed: 00:00:00
INFO:sim1:Simulation Successful. Time elapsed: 00:00:00
INFO:sim1:Simulation Successful. Time elapsed: 00:00:00
INFO:sim1:Simulation Successful. Time elapsed: 00:00:00
INFO:sim1:Simulation Successful. Time elapsed: 00:00:00
INFO:sim1:Simulation Successful. Time elapsed: 00:00:00
INFO:sim1:Simulation Successful. Time elapsed: 00:00:00
INFO:sim1:Simulation Successful. Time elapsed: 00:00:00
INFO:sim1:Simulation Successful. Time elapsed: 00:00:00
INFO:sim1:Simulation Successful. Time elapsed: 00:00:00
INFO:sim1:Simulation Successful. Time elapsed: 00:00:00
INFO:sim1:Simulation Successful. Time elapsed: 00:00:00
INFO:sim1:Simulation Successful. Time elapsed: 00:00:00
INFO:sim1:Simulation Successful. Time elapsed: 00:00:00
INFO:sim1:Simulation Successful. Time elapsed: 00:00:00
INFO:sim1:Simulation Successful. Time elapsed: 00:00:00
INFO:sim1:Simulation Successful. Time elapsed: 00:00:00
INFO:sim1:Simulation Successful. Time elapsed: 00:00:00
INFO:sim1:Simulation Successful. Time elapsed: 00:00:00
INFO:sim1:Simulation Successful. Time elapsed: 00:00:00
INFO:sim1:Simulation Successful. Time elapsed: 00:00:00
INFO:sim1:Simulation Successful. Time elapsed: 00:00:00
INFO:sim1:Simulation Successful. Time elapsed: 00:00:00
INFO:sim1:Simulation Successful. Time elapsed: 00:00:00
INFO:sim1:Simulation Successful. Time elapsed: 00:00:00
INFO:sim1:Simulation Successful. Time elapsed: 00:00:00
INFO:sim1:Simulation Successful. Time elapsed: 00:00:00
INFO:sim1:Simulation Successful. Time elapsed: 00:00:00
INFO:sim1:Simulation Successful. Time elapsed: 00:00:00
INFO:sim1:Simulation Successful. Time elapsed: 00:00:00
INFO:sim1:Simulation Successful. Time elapsed: 00:00:00
INFO:sim1:Simulation Successful. Time elapsed: 00:00:00
INFO:sim1:Simulation Successful. Time elapsed: 00:00:00
INFO:sim1:Simulation Successful. Time elapsed: 00:00:00
INFO:sim1:Simulation Successful. Time elapsed: 00:00:00
INFO:sim1:Simulation Successful. Time elapsed: 00:00:00
INFO:sim1:Simulation Successful. Time elapsed: 00:00:00
INFO:sim1:Simulation Successful. Time elapsed: 00:00:00
INFO:sim1:Simulation Successful. Time elapsed: 00:00:00
INFO:sim1:Simulation Successful. Time elapsed: 00:00:00
INFO:sim1:Simulation Successful. Time elapsed: 00:00:00
INFO:sim1:Simulation Successful. Time elapsed: 00:00:00
INFO:sim1:Simulation Successful. Time elapsed: 00:00:00
INFO:sim1:Simulation Successful. Time elapsed: 00:00:00
INFO:sim1:Simulation Successful. Time elapsed: 00:00:00
INFO:sim1:Simulation Successful. Time elapsed: 00:00:00
INFO:sim1:Simulation Successful. Time elapsed: 00:00:00
INFO:sim1:Simulation Successful. Time elapsed: 00:00:00
INFO:sim1:Simulation Successful. Time elapsed: 00:00:00
INFO:sim1:Simulation Successful. Time elapsed: 00:00:00
INFO:sim1:Simulation Successful. Time elapsed: 00:00:00
INFO:sim1:Simulation Successful. Time elapsed: 00:00:00
INFO:sim1:Simulation Successful. Time elapsed: 00:00:00
INFO:sim1:Simulation Successful. Time elapsed: 00:00:00
INFO:sim1:Simulation Successful. Time elapsed: 00:00:00
INFO:sim1:Simulation Successful. Time elapsed: 00:00:00
INFO:sim1:Simulation Successful. Time elapsed: 00:00:00
INFO:sim1:Simulation Successful. Time elapsed: 00:00:00
INFO:sim1:Simulation Successful. Time elapsed: 00:00:00
INFO:sim1:Simulation Successful. Time elapsed: 00:00:00
INFO:sim1:Simulation Successful. Time elapsed: 00:00:00
INFO:sim1:Simulation Successful. Time elapsed: 00:00:00
INFO:sim1:Simulation Successful. Time elapsed: 00:00:00
INFO:sim1:Simulation Successful. Time elapsed: 00:00:00
INFO:sim1:Simulation Successful. Time elapsed: 00:00:00
INFO:sim1:Simulation Successful. Time elapsed: 00:00:00
INFO:sim1:Simulation Successful. Time elapsed: 00:00:00
INFO:sim1:Simulation Successful. Time elapsed: 00:00:00
INFO:sim1:Simulation Successful. Time elapsed: 00:00:00
INFO:sim1:Simulation Successful. Time elapsed: 00:00:00
INFO:sim1:Simulation Successful. Time elapsed: 00:00:00
INFO:sim1:Simulation Successful. Time elapsed: 00:00:00
INFO:sim1:Simulation Successful. Time elapsed: 00:00:00
INFO:sim1:Simulation Successful. Time elapsed: 00:00:00
INFO:sim1:Simulation Successful. Time elapsed: 00:00:00
INFO:sim1:Simulation Successful. Time elapsed: 00:00:00
INFO:sim1:Simulation Successful. Time elapsed: 00:00:00
INFO:sim1:Simulation Successful. Time elapsed: 00:00:00
INFO:sim1:Simulation Successful. Time elapsed: 00:00:00
INFO:sim1:Simulation Successful. Time elapsed: 00:00:00
INFO:sim1:Simulation Successful. Time elapsed: 00:00:00
INFO:sim1:Simulation Successful. Time elapsed: 00:00:00
INFO:sim1:Simulation Successful. Time elapsed: 00:00:00
INFO:sim1:Simulation Successful. Time elapsed: 00:00:00
INFO:sim1:Simulation Successful. Time elapsed: 00:00:00
INFO:sim1:Simulation Successful. Time elapsed: 00:00:00
INFO:sim1:Simulation Successful. Time elapsed: 00:00:00
INFO:sim1:Simulation Successful. Time elapsed: 00:00:00
INFO:sim1:Simulation Successful. Time elapsed: 00:00:00
INFO:sim1:Simulation Successful. Time elapsed: 00:00:00
INFO:sim1:Simulation Successful. Time elapsed: 00:00:00
INFO:sim1:Simulation Successful. Time elapsed: 00:00:00
INFO:sim1:Simulation Successful. Time elapsed: 00:00:00
INFO:sim1:Simulation Successful. Time elapsed: 00:00:00
INFO:sim1:Simulation Successful. Time elapsed: 00:00:00
INFO:sim1:Simulation Successful. Time elapsed: 00:00:00
INFO:sim1:Simulation Successful. Time elapsed: 00:00:00
INFO:sim1:Simulation Successful. Time elapsed: 00:00:00
INFO:sim1:Simulation Successful. Time elapsed: 00:00:00
INFO:sim1:Simulation Successful. Time elapsed: 00:00:00
INFO:sim1:Simulation Successful. Time elapsed: 00:00:00
INFO:sim1:Simulation Successful. Time elapsed: 00:00:00
INFO:sim1:Simulation Successful. Time elapsed: 00:00:00
INFO:sim1:Simulation Successful. Time elapsed: 00:00:00
INFO:sim1:Simulation Successful. Time elapsed: 00:00:00
INFO:sim1:Simulation Successful. Time elapsed: 00:00:00
INFO:sim1:Simulation Successful. Time elapsed: 00:00:00
INFO:sim1:Simulation Successful. Time elapsed: 00:00:00
INFO:sim1:Simulation Successful. Time elapsed: 00:00:00
INFO:sim1:Simulation Successful. Time elapsed: 00:00:00
INFO:sim1:Simulation Successful. Time elapsed: 00:00:00
INFO:sim1:Simulation Successful. Time elapsed: 00:00:00
INFO:sim1:Simulation Successful. Time elapsed: 00:00:00
INFO:sim1:Simulation Successful. Time elapsed: 00:00:00
INFO:sim1:Simulation Successful. Time elapsed: 00:00:00
INFO:sim1:Simulation Successful. Time elapsed: 00:00:00
INFO:sim1:Simulation Successful. Time elapsed: 00:00:00
INFO:sim1:Simulation Successful. Time elapsed: 00:00:00
INFO:sim1:Simulation Successful. Time elapsed: 00:00:00
INFO:sim1:Simulation Successful. Time elapsed: 00:00:00
INFO:sim1:Simulation Successful. Time elapsed: 00:00:00
INFO:sim1:Simulation Successful. Time elapsed: 00:00:00
INFO:sim1:Simulation Successful. Time elapsed: 00:00:00
INFO:sim1:Simulation Successful. Time elapsed: 00:00:00
INFO:sim1:Simulation Successful. Time elapsed: 00:00:00
INFO:sim1:Simulation Successful. Time elapsed: 00:00:00
INFO:sim1:Simulation Successful. Time elapsed: 00:00:00
INFO:sim1:Simulation Successful. Time elapsed: 00:00:00
INFO:sim1:Simulation Successful. Time elapsed: 00:00:00
INFO:sim1:Simulation Successful. Time elapsed: 00:00:00
INFO:sim1:Simulation Successful. Time elapsed: 00:00:00
INFO:sim1:Simulation Successful. Time elapsed: 00:00:00
INFO:sim1:Simulation Successful. Time elapsed: 00:00:00
INFO:sim1:Simulation Successful. Time elapsed: 00:00:00
INFO:sim1:Simulation Successful. Time elapsed: 00:00:00
INFO:sim1:Simulation Successful. Time elapsed: 00:00:00
INFO:sim1:Simulation Successful. Time elapsed: 00:00:00
INFO:sim1:Simulation Successful. Time elapsed: 00:00:00
INFO:sim1:Simulation Successful. Time elapsed: 00:00:00
INFO:sim1:Simulation Successful. Time elapsed: 00:00:00
INFO:sim1:Simulation Successful. Time elapsed: 00:00:00
INFO:sim1:Simulation Successful. Time elapsed: 00:00:00
INFO:sim1:Simulation Successful. Time elapsed: 00:00:00
INFO:sim1:Simulation Successful. Time elapsed: 00:00:00
INFO:sim1:Simulation Successful. Time elapsed: 00:00:00
INFO:sim1:Simulation Successful. Time elapsed: 00:00:00
INFO:sim1:Simulation Successful. Time elapsed: 00:00:00
INFO:sim1:Simulation Successful. Time elapsed: 00:00:00
INFO:sim1:Simulation Successful. Time elapsed: 00:00:00
INFO:sim1:Simulation Successful. Time elapsed: 00:00:00
INFO:sim1:Simulation Successful. Time elapsed: 00:00:00
INFO:sim1:Simulation Successful. Time elapsed: 00:00:00
INFO:sim1:Simulation Successful. Time elapsed: 00:00:00
INFO:sim1:Simulation Successful. Time elapsed: 00:00:00
INFO:sim1:Simulation Successful. Time elapsed: 00:00:00
INFO:sim1:Simulation Successful. Time elapsed: 00:00:00
INFO:sim1:Simulation Successful. Time elapsed: 00:00:00
INFO:sim1:Simulation Successful. Time elapsed: 00:00:00
INFO:sim1:Simulation Successful. Time elapsed: 00:00:00
INFO:sim1:Simulation Successful. Time elapsed: 00:00:00
INFO:sim1:Simulation Successful. Time elapsed: 00:00:00
INFO:sim1:Simulation Successful. Time elapsed: 00:00:00
INFO:sim1:Simulation Successful. Time elapsed: 00:00:00
INFO:sim1:Simulation Successful. Time elapsed: 00:00:00
INFO:sim1:Simulation Successful. Time elapsed: 00:00:00
INFO:sim1:Simulation Successful. Time elapsed: 00:00:00
INFO:sim1:Simulation Successful. Time elapsed: 00:00:00
INFO:sim1:Simulation Successful. Time elapsed: 00:00:00
INFO:sim1:Simulation Successful. Time elapsed: 00:00:00
INFO:sim1:Simulation Successful. Time elapsed: 00:00:00
INFO:sim1:Simulation Successful. Time elapsed: 00:00:00
INFO:sim1:Simulation Successful. Time elapsed: 00:00:00
INFO:sim1:Simulation Successful. Time elapsed: 00:00:00
INFO:sim1:Simulation Successful. Time elapsed: 00:00:00
INFO:sim1:Simulation Successful. Time elapsed: 00:00:00
INFO:sim1:Simulation Successful. Time elapsed: 00:00:00
INFO:sim1:Simulation Successful. Time elapsed: 00:00:00
INFO:sim1:Simulation Successful. Time elapsed: 00:00:00
INFO:sim1:Simulation Successful. Time elapsed: 00:00:00
INFO:sim1:Simulation Successful. Time elapsed: 00:00:00
INFO:sim1:Simulation Successful. Time elapsed: 00:00:00
INFO:sim1:Simulation Successful. Time elapsed: 00:00:00
INFO:sim1:Simulation Successful. Time elapsed: 00:00:00
INFO:sim1:Simulation Successful. Time elapsed: 00:00:00
INFO:sim1:Simulation Successful. Time elapsed: 00:00:00
INFO:sim1:Simulation Successful. Time elapsed: 00:00:00
INFO:sim1:Simulation Successful. Time elapsed: 00:00:00
INFO:sim1:Simulation Successful. Time elapsed: 00:00:00
INFO:sim1:Simulation Successful. Time elapsed: 00:00:00
INFO:sim1:Simulation Successful. Time elapsed: 00:00:00
INFO:sim1:Simulation Successful. Time elapsed: 00:00:00
INFO:sim1:Simulation Successful. Time elapsed: 00:00:00
INFO:sim1:Simulation Successful. Time elapsed: 00:00:00
INFO:sim1:Simulation Successful. Time elapsed: 00:00:00
INFO:sim1:Simulation Successful. Time elapsed: 00:00:00
INFO:sim1:Simulation Successful. Time elapsed: 00:00:00
INFO:sim1:Simulation Successful. Time elapsed: 00:00:00
INFO:sim1:Simulation Successful. Time elapsed: 00:00:00
INFO:sim1:Simulation Successful. Time elapsed: 00:00:00
INFO:sim1:Simulation Successful. Time elapsed: 00:00:00
INFO:sim1:Simulation Successful. Time elapsed: 00:00:00
INFO:sim1:Simulation Successful. Time elapsed: 00:00:00
INFO:sim1:Simulation Successful. Time elapsed: 00:00:00
INFO:sim1:Simulation Successful. Time elapsed: 00:00:00
INFO:sim1:Simulation Successful. Time elapsed: 00:00:00
INFO:sim1:Simulation Successful. Time elapsed: 00:00:00
INFO:sim1:Simulation Successful. Time elapsed: 00:00:00
INFO:sim1:Simulation Successful. Time elapsed: 00:00:00
INFO:sim1:Simulation Successful. Time elapsed: 00:00:00
INFO:sim1:Simulation Successful. Time elapsed: 00:00:00
INFO:sim1:Simulation Successful. Time elapsed: 00:00:00
INFO:sim1:Simulation Successful. Time elapsed: 00:00:00
INFO:sim1:Simulation Successful. Time elapsed: 00:00:00
INFO:sim1:Simulation Successful. Time elapsed: 00:00:00
INFO:sim1:Simulation Successful. Time elapsed: 00:00:00
INFO:sim1:Simulation Successful. Time elapsed: 00:00:00
INFO:sim1:Simulation Successful. Time elapsed: 00:00:00
INFO:sim1:Simulation Successful. Time elapsed: 00:00:00
INFO:sim1:Simulation Successful. Time elapsed: 00:00:00
INFO:sim1:Simulation Successful. Time elapsed: 00:00:00
INFO:sim1:Simulation Successful. Time elapsed: 00:00:00
INFO:sim1:Simulation Successful. Time elapsed: 00:00:00
INFO:sim1:Simulation Successful. Time elapsed: 00:00:00
INFO:sim1:Simulation Successful. Time elapsed: 00:00:00
INFO:sim1:Simulation Successful. Time elapsed: 00:00:00
INFO:sim1:Simulation Successful. Time elapsed: 00:00:00
INFO:sim1:Simulation Successful. Time elapsed: 00:00:00
INFO:sim1:Simulation Successful. Time elapsed: 00:00:00
INFO:sim1:Simulation Successful. Time elapsed: 00:00:00
INFO:sim1:Simulation Successful. Time elapsed: 00:00:00
INFO:sim1:Simulation Successful. Time elapsed: 00:00:00
INFO:sim1:Simulation Successful. Time elapsed: 00:00:00
INFO:sim1:Simulation Successful. Time elapsed: 00:00:00
INFO:sim1:Simulation Successful. Time elapsed: 00:00:00
INFO:sim1:Simulation Successful. Time elapsed: 00:00:00
INFO:sim1:Simulation Successful. Time elapsed: 00:00:00
INFO:sim1:Simulation Successful. Time elapsed: 00:00:00
INFO:sim1:Simulation Successful. Time elapsed: 00:00:00
INFO:sim1:Simulation Successful. Time elapsed: 00:00:00
INFO:sim1:Simulation Successful. Time elapsed: 00:00:00
INFO:sim1:Simulation Successful. Time elapsed: 00:00:00
INFO:sim1:Simulation Successful. Time elapsed: 00:00:00
INFO:sim1:Simulation Successful. Time elapsed: 00:00:00
INFO:sim1:Simulation Successful. Time elapsed: 00:00:00
INFO:sim1:Simulation Successful. Time elapsed: 00:00:00
INFO:sim1:Simulation Successful. Time elapsed: 00:00:00
INFO:sim1:Simulation Successful. Time elapsed: 00:00:00
INFO:sim1:Simulation Successful. Time elapsed: 00:00:00
INFO:sim1:Simulation Successful. Time elapsed: 00:00:00
INFO:sim1:Simulation Successful. Time elapsed: 00:00:00
INFO:sim1:Simulation Successful. Time elapsed: 00:00:00
INFO:sim1:Simulation Successful. Time elapsed: 00:00:00
INFO:sim1:Simulation Successful. Time elapsed: 00:00:00
INFO:sim1:Simulation Successful. Time elapsed: 00:00:00
INFO:sim1:Simulation Successful. Time elapsed: 00:00:00
INFO:sim1:Simulation Successful. Time elapsed: 00:00:00
INFO:sim1:Simulation Successful. Time elapsed: 00:00:00
INFO:sim1:Simulation Successful. Time elapsed: 00:00:00
INFO:sim1:Simulation Successful. Time elapsed: 00:00:00
INFO:sim1:Simulation Successful. Time elapsed: 00:00:00
INFO:sim1:Simulation Successful. Time elapsed: 00:00:00
INFO:sim1:Simulation Successful. Time elapsed: 00:00:00
INFO:sim1:Simulation Successful. Time elapsed: 00:00:00
INFO:sim1:Simulation Successful. Time elapsed: 00:00:00
INFO:sim1:Simulation Successful. Time elapsed: 00:00:00
INFO:sim1:Simulation Successful. Time elapsed: 00:00:00
INFO:sim1:Simulation Successful. Time elapsed: 00:00:00
INFO:sim1:Simulation Successful. Time elapsed: 00:00:00
INFO:sim1:Simulation Successful. Time elapsed: 00:00:00
INFO:sim1:Simulation Successful. Time elapsed: 00:00:00
INFO:sim1:Simulation Successful. Time elapsed: 00:00:00
INFO:sim1:Simulation Successful. Time elapsed: 00:00:00
INFO:sim1:Simulation Successful. Time elapsed: 00:00:00
INFO:sim1:Simulation Successful. Time elapsed: 00:00:00
INFO:sim1:Simulation Successful. Time elapsed: 00:00:00
INFO:sim1:Simulation Successful. Time elapsed: 00:00:00
INFO:sim1:Simulation Successful. Time elapsed: 00:00:00
INFO:sim1:Simulation Successful. Time elapsed: 00:00:00
INFO:sim1:Simulation Successful. Time elapsed: 00:00:00
INFO:sim1:Simulation Successful. Time elapsed: 00:00:00
INFO:sim1:Simulation Successful. Time elapsed: 00:00:00
INFO:sim1:Simulation Successful. Time elapsed: 00:00:00
INFO:sim1:Simulation Successful. Time elapsed: 00:00:00
INFO:sim1:Simulation Successful. Time elapsed: 00:00:00
INFO:sim1:Simulation Successful. Time elapsed: 00:00:00
INFO:sim1:Simulation Successful. Time elapsed: 00:00:00
INFO:sim1:Simulation Successful. Time elapsed: 00:00:00
INFO:sim1:Simulation Successful. Time elapsed: 00:00:00
INFO:sim1:Simulation Successful. Time elapsed: 00:00:00
INFO:sim1:Simulation Successful. Time elapsed: 00:00:00
INFO:sim1:Simulation Successful. Time elapsed: 00:00:00
INFO:sim1:Simulation Successful. Time elapsed: 00:00:00
INFO:sim1:Simulation Successful. Time elapsed: 00:00:00
INFO:sim1:Simulation Successful. Time elapsed: 00:00:00
INFO:sim1:Simulation Successful. Time elapsed: 00:00:00
INFO:sim1:Simulation Successful. Time elapsed: 00:00:00
INFO:sim1:Simulation Successful. Time elapsed: 00:00:00
INFO:sim1:Simulation Successful. Time elapsed: 00:00:00
INFO:sim1:Simulation Successful. Time elapsed: 00:00:00
INFO:sim1:Simulation Successful. Time elapsed: 00:00:00
INFO:sim1:Simulation Successful. Time elapsed: 00:00:00
INFO:sim1:Simulation Successful. Time elapsed: 00:00:00
INFO:sim1:Simulation Successful. Time elapsed: 00:00:00
INFO:sim1:Simulation Successful. Time elapsed: 00:00:00
INFO:sim1:Simulation Successful. Time elapsed: 00:00:00
INFO:sim1:Simulation Successful. Time elapsed: 00:00:00
INFO:sim1:Simulation Successful. Time elapsed: 00:00:00
INFO:sim1:Simulation Successful. Time elapsed: 00:00:00
INFO:sim1:Simulation Successful. Time elapsed: 00:00:00
INFO:sim1:Simulation Successful. Time elapsed: 00:00:00
INFO:sim1:Simulation Successful. Time elapsed: 00:00:00
INFO:sim1:Simulation Successful. Time elapsed: 00:00:00
INFO:sim1:Simulation Successful. Time elapsed: 00:00:00
INFO:sim1:Simulation Successful. Time elapsed: 00:00:00
INFO:sim1:Simulation Successful. Time elapsed: 00:00:00
INFO:sim1:Simulation Successful. Time elapsed: 00:00:00
INFO:sim1:Simulation Successful. Time elapsed: 00:00:00
INFO:sim1:Simulation Successful. Time elapsed: 00:00:00
INFO:sim1:Simulation Successful. Time elapsed: 00:00:00
INFO:sim1:Simulation Successful. Time elapsed: 00:00:00
INFO:sim1:Simulation Successful. Time elapsed: 00:00:00
INFO:sim1:Simulation Successful. Time elapsed: 00:00:00
INFO:sim1:Simulation Successful. Time elapsed: 00:00:00
INFO:sim1:Simulation Successful. Time elapsed: 00:00:00
INFO:sim1:Simulation Successful. Time elapsed: 00:00:00
INFO:sim1:Simulation Successful. Time elapsed: 00:00:00
INFO:sim1:Simulation Successful. Time elapsed: 00:00:00
INFO:sim1:Simulation Successful. Time elapsed: 00:00:00
INFO:sim1:Simulation Successful. Time elapsed: 00:00:00
INFO:sim1:Simulation Successful. Time elapsed: 00:00:00
INFO:sim1:Simulation Successful. Time elapsed: 00:00:00
INFO:sim1:Simulation Successful. Time elapsed: 00:00:00
INFO:sim1:Simulation Successful. Time elapsed: 00:00:00
INFO:sim1:Simulation Successful. Time elapsed: 00:00:00
INFO:sim1:Simulation Successful. Time elapsed: 00:00:00
INFO:sim1:Simulation Successful. Time elapsed: 00:00:00
INFO:sim1:Simulation Successful. Time elapsed: 00:00:00
INFO:sim1:Simulation Successful. Time elapsed: 00:00:00
INFO:sim1:Simulation Successful. Time elapsed: 00:00:00
INFO:sim1:Simulation Successful. Time elapsed: 00:00:00
INFO:sim1:Simulation Successful. Time elapsed: 00:00:00
INFO:sim1:Simulation Successful. Time elapsed: 00:00:00
INFO:sim1:Simulation Successful. Time elapsed: 00:00:00
INFO:sim1:Simulation Successful. Time elapsed: 00:00:00
INFO:sim1:Simulation Successful. Time elapsed: 00:00:00
INFO:sim1:Simulation Successful. Time elapsed: 00:00:00
INFO:sim1:Simulation Successful. Time elapsed: 00:00:00
INFO:sim1:Simulation Successful. Time elapsed: 00:00:00
INFO:sim1:Simulation Successful. Time elapsed: 00:00:00
INFO:sim1:Simulation Successful. Time elapsed: 00:00:00
INFO:sim1:Simulation Successful. Time elapsed: 00:00:00
INFO:sim1:Simulation Successful. Time elapsed: 00:00:00
INFO:sim1:Simulation Successful. Time elapsed: 00:00:00
INFO:sim1:Simulation Successful. Time elapsed: 00:00:00
INFO:sim1:Simulation Successful. Time elapsed: 00:00:00
INFO:sim1:Simulation Successful. Time elapsed: 00:00:00
INFO:sim1:Simulation Successful. Time elapsed: 00:00:00
INFO:sim1:Simulation Successful. Time elapsed: 00:00:00
INFO:sim1:Simulation Successful. Time elapsed: 00:00:00
INFO:sim1:Simulation Successful. Time elapsed: 00:00:00
INFO:sim1:Simulation Successful. Time elapsed: 00:00:00
INFO:sim1:Simulation Successful. Time elapsed: 00:00:00
INFO:sim1:Simulation Successful. Time elapsed: 00:00:00
INFO:sim1:Simulation Successful. Time elapsed: 00:00:00
INFO:sim1:Simulation Successful. Time elapsed: 00:00:00
INFO:sim1:Simulation Successful. Time elapsed: 00:00:00
INFO:sim1:Simulation Successful. Time elapsed: 00:00:00
INFO:sim1:Simulation Successful. Time elapsed: 00:00:00
INFO:sim1:Simulation Successful. Time elapsed: 00:00:00
INFO:sim1:Simulation Successful. Time elapsed: 00:00:00
INFO:sim1:Simulation Successful. Time elapsed: 00:00:00
INFO:sim1:Simulation Successful. Time elapsed: 00:00:00
INFO:sim1:Simulation Successful. Time elapsed: 00:00:00
INFO:sim1:Simulation Successful. Time elapsed: 00:00:00
INFO:sim1:Simulation Successful. Time elapsed: 00:00:00
INFO:sim1:Simulation Successful. Time elapsed: 00:00:00
INFO:sim1:Simulation Successful. Time elapsed: 00:00:00
INFO:sim1:Simulation Successful. Time elapsed: 00:00:00
INFO:sim1:Simulation Successful. Time elapsed: 00:00:00
INFO:sim1:Simulation Successful. Time elapsed: 00:00:00
INFO:sim1:Simulation Successful. Time elapsed: 00:00:00
INFO:sim1:Simulation Successful. Time elapsed: 00:00:00
INFO:sim1:Simulation Successful. Time elapsed: 00:00:00
INFO:sim1:Simulation Successful. Time elapsed: 00:00:00
INFO:sim1:Simulation Successful. Time elapsed: 00:00:00
INFO:sim1:Simulation Successful. Time elapsed: 00:00:00
INFO:sim1:Simulation Successful. Time elapsed: 00:00:00
INFO:sim1:Simulation Successful. Time elapsed: 00:00:00
INFO:sim1:Simulation Successful. Time elapsed: 00:00:00
INFO:sim1:Simulation Successful. Time elapsed: 00:00:00
INFO:sim1:Simulation Successful. Time elapsed: 00:00:00
INFO:sim1:Simulation Successful. Time elapsed: 00:00:00
INFO:sim1:Simulation Successful. Time elapsed: 00:00:00
INFO:sim1:Simulation Successful. Time elapsed: 00:00:00
INFO:sim1:Simulation Successful. Time elapsed: 00:00:00
INFO:sim1:Simulation Successful. Time elapsed: 00:00:00
INFO:sim1:Simulation Successful. Time elapsed: 00:00:00
INFO:sim1:Simulation Successful. Time elapsed: 00:00:00
INFO:sim1:Simulation Successful. Time elapsed: 00:00:00
INFO:sim1:Simulation Successful. Time elapsed: 00:00:00
INFO:sim1:Simulation Successful. Time elapsed: 00:00:00
INFO:sim1:Simulation Successful. Time elapsed: 00:00:00
INFO:sim1:Simulation Successful. Time elapsed: 00:00:00
INFO:sim1:Simulation Successful. Time elapsed: 00:00:00
INFO:sim1:Simulation Successful. Time elapsed: 00:00:00
INFO:sim1:Simulation Successful. Time elapsed: 00:00:00
INFO:sim1:Simulation Successful. Time elapsed: 00:00:00
INFO:sim1:Simulation Successful. Time elapsed: 00:00:00
INFO:sim1:Simulation Successful. Time elapsed: 00:00:00
INFO:sim1:Simulation Successful. Time elapsed: 00:00:00
INFO:sim1:Simulation Successful. Time elapsed: 00:00:00
INFO:sim1:Simulation Successful. Time elapsed: 00:00:00
INFO:sim1:Simulation Successful. Time elapsed: 00:00:00
INFO:sim1:Simulation Successful. Time elapsed: 00:00:00
INFO:sim1:Simulation Successful. Time elapsed: 00:00:00
INFO:sim1:Simulation Successful. Time elapsed: 00:00:00
INFO:sim1:Simulation Successful. Time elapsed: 00:00:00
INFO:sim1:Simulation Successful. Time elapsed: 00:00:00
INFO:sim1:Simulation Successful. Time elapsed: 00:00:00
INFO:sim1:Simulation Successful. Time elapsed: 00:00:00
INFO:sim1:Simulation Successful. Time elapsed: 00:00:00
INFO:sim1:Simulation Successful. Time elapsed: 00:00:00
INFO:sim1:Simulation Successful. Time elapsed: 00:00:00
INFO:sim1:Simulation Successful. Time elapsed: 00:00:00
INFO:sim1:Simulation Successful. Time elapsed: 00:00:00
INFO:sim1:Simulation Successful. Time elapsed: 00:00:00
INFO:sim1:Simulation Successful. Time elapsed: 00:00:00
INFO:sim1:Simulation Successful. Time elapsed: 00:00:00
INFO:sim1:Simulation Successful. Time elapsed: 00:00:00
INFO:sim1:Simulation Successful. Time elapsed: 00:00:00
INFO:sim1:Simulation Successful. Time elapsed: 00:00:00
INFO:sim1:Simulation Successful. Time elapsed: 00:00:00
INFO:sim1:Simulation Successful. Time elapsed: 00:00:00
INFO:sim1:Simulation Successful. Time elapsed: 00:00:00
INFO:sim1:Simulation Successful. Time elapsed: 00:00:00
INFO:sim1:Simulation Successful. Time elapsed: 00:00:00
INFO:sim1:Simulation Successful. Time elapsed: 00:00:00
INFO:sim1:Simulation Successful. Time elapsed: 00:00:00
INFO:sim1:Simulation Successful. Time elapsed: 00:00:00
INFO:sim1:Simulation Successful. Time elapsed: 00:00:00
INFO:sim1:Simulation Successful. Time elapsed: 00:00:00
INFO:sim1:Simulation Successful. Time elapsed: 00:00:00
INFO:sim1:Simulation Successful. Time elapsed: 00:00:00
INFO:sim1:Simulation Successful. Time elapsed: 00:00:00
INFO:sim1:Simulation Successful. Time elapsed: 00:00:00
INFO:sim1:Simulation Successful. Time elapsed: 00:00:00
INFO:sim1:Simulation Successful. Time elapsed: 00:00:00
INFO:sim1:Simulation Successful. Time elapsed: 00:00:00
INFO:sim1:Simulation Successful. Time elapsed: 00:00:00
INFO:sim1:Simulation Successful. Time elapsed: 00:00:00
INFO:sim1:Simulation Successful. Time elapsed: 00:00:00
INFO:sim1:Simulation Successful. Time elapsed: 00:00:00
INFO:sim1:Simulation Successful. Time elapsed: 00:00:00
INFO:sim1:Simulation Successful. Time elapsed: 00:00:00
INFO:sim1:Simulation Successful. Time elapsed: 00:00:00
INFO:sim1:Simulation Successful. Time elapsed: 00:00:00
INFO:sim1:Simulation Successful. Time elapsed: 00:00:00
INFO:sim1:Simulation Successful. Time elapsed: 00:00:00
INFO:sim1:Simulation Successful. Time elapsed: 00:00:00
INFO:sim1:Simulation Successful. Time elapsed: 00:00:00
INFO:sim1:Simulation Successful. Time elapsed: 00:00:00
INFO:sim1:Simulation Successful. Time elapsed: 00:00:00
INFO:sim1:Simulation Successful. Time elapsed: 00:00:00
INFO:sim1:Simulation Successful. Time elapsed: 00:00:00
INFO:sim1:Simulation Successful. Time elapsed: 00:00:00
INFO:sim1:Simulation Successful. Time elapsed: 00:00:00
INFO:sim1:Simulation Successful. Time elapsed: 00:00:00
INFO:sim1:Simulation Successful. Time elapsed: 00:00:00
INFO:sim1:Simulation Successful. Time elapsed: 00:00:00
INFO:sim1:Simulation Successful. Time elapsed: 00:00:00
INFO:sim1:Simulation Successful. Time elapsed: 00:00:00
INFO:sim1:Simulation Successful. Time elapsed: 00:00:00
INFO:sim1:Simulation Successful. Time elapsed: 00:00:00
INFO:sim1:Simulation Successful. Time elapsed: 00:00:00
INFO:sim1:Simulation Successful. Time elapsed: 00:00:00
INFO:sim1:Simulation Successful. Time elapsed: 00:00:00
INFO:sim1:Simulation Successful. Time elapsed: 00:00:00
INFO:sim1:Simulation Successful. Time elapsed: 00:00:00
INFO:sim1:Simulation Successful. Time elapsed: 00:00:00
INFO:sim1:Simulation Successful. Time elapsed: 00:00:00
INFO:sim1:Simulation Successful. Time elapsed: 00:00:00
INFO:sim1:Simulation Successful. Time elapsed: 00:00:00
INFO:sim1:Simulation Successful. Time elapsed: 00:00:00
INFO:sim1:Simulation Successful. Time elapsed: 00:00:00
INFO:sim1:Simulation Successful. Time elapsed: 00:00:00
INFO:sim1:Simulation Successful. Time elapsed: 00:00:00
INFO:sim1:Simulation Successful. Time elapsed: 00:00:00
INFO:sim1:Simulation Successful. Time elapsed: 00:00:00
INFO:sim1:Simulation Successful. Time elapsed: 00:00:00
INFO:sim1:Simulation Successful. Time elapsed: 00:00:00
INFO:sim1:Simulation Successful. Time elapsed: 00:00:00
INFO:sim1:Simulation Successful. Time elapsed: 00:00:00
INFO:sim1:Simulation Successful. Time elapsed: 00:00:00
INFO:sim1:Simulation Successful. Time elapsed: 00:00:00
INFO:sim1:Simulation Successful. Time elapsed: 00:00:00
INFO:sim1:Simulation Successful. Time elapsed: 00:00:00
INFO:sim1:Simulation Successful. Time elapsed: 00:00:00
INFO:sim1:Simulation Successful. Time elapsed: 00:00:00
INFO:sim1:Simulation Successful. Time elapsed: 00:00:00
INFO:sim1:Simulation Successful. Time elapsed: 00:00:00
INFO:sim1:Simulation Successful. Time elapsed: 00:00:00
INFO:sim1:Simulation Successful. Time elapsed: 00:00:00
INFO:sim1:Simulation Successful. Time elapsed: 00:00:00
INFO:sim1:Simulation Successful. Time elapsed: 00:00:00
INFO:sim1:Simulation Successful. Time elapsed: 00:00:00
INFO:sim1:Simulation Successful. Time elapsed: 00:00:00
INFO:sim1:Simulation Successful. Time elapsed: 00:00:00
INFO:sim1:Simulation Successful. Time elapsed: 00:00:00
INFO:sim1:Simulation Successful. Time elapsed: 00:00:00
INFO:sim1:Simulation Successful. Time elapsed: 00:00:00
INFO:sim1:Simulation Successful. Time elapsed: 00:00:00
WARNING:sim1:Thu Dec  1 22:29:23 2022: Simulation Failed. Time elapsed 00:00:00:

INFO:sim1:Simulation Successful. Time elapsed: 00:00:00
INFO:sim1:Simulation Successful. Time elapsed: 00:00:00
INFO:sim1:Simulation Successful. Time elapsed: 00:00:00
INFO:sim1:Simulation Successful. Time elapsed: 00:00:00
INFO:sim1:Simulation Successful. Time elapsed: 00:00:00
INFO:sim1:Simulation Successful. Time elapsed: 00:00:00
INFO:sim1:Simulation Successful. Time elapsed: 00:00:00
INFO:sim1:Simulation Successful. Time elapsed: 00:00:00
INFO:sim1:Simulation Successful. Time elapsed: 00:00:00
INFO:sim1:Simulation Successful. Time elapsed: 00:00:00
INFO:sim1:Simulation Successful. Time elapsed: 00:00:00
INFO:sim1:Simulation Successful. Time elapsed: 00:00:00
INFO:sim1:Simulation Successful. Time elapsed: 00:00:00
INFO:sim1:Simulation Successful. Time elapsed: 00:00:00
INFO:sim1:Simulation Successful. Time elapsed: 00:00:00
INFO:sim1:Simulation Successful. Time elapsed: 00:00:00
INFO:sim1:Simulation Successful. Time elapsed: 00:00:00
INFO:sim1:Simulation Successful. Time elapsed: 00:00:00
INFO:sim1:Simulation Successful. Time elapsed: 00:00:00
INFO:sim1:Simulation Successful. Time elapsed: 00:00:00
INFO:sim1:Simulation Successful. Time elapsed: 00:00:00
INFO:sim1:Simulation Successful. Time elapsed: 00:00:00
INFO:sim1:Simulation Successful. Time elapsed: 00:00:00
INFO:sim1:Simulation Successful. Time elapsed: 00:00:00
INFO:sim1:Simulation Successful. Time elapsed: 00:00:00
WARNING:sim1:Fri Dec  2 10:58:33 2022: Simulation Failed. Time elapsed 00:00:00:

INFO:sim1:Simulation Successful. Time elapsed: 00:00:00
INFO:sim1:Simulation Successful. Time elapsed: 00:00:00
INFO:sim1:Simulation Successful. Time elapsed: 00:00:00
INFO:sim1:Simulation Successful. Time elapsed: 00:00:00
INFO:sim1:Simulation Successful. Time elapsed: 00:00:00
INFO:sim1:Simulation Successful. Time elapsed: 00:00:00
INFO:sim1:Simulation Successful. Time elapsed: 00:00:00
INFO:sim1:Simulation Successful. Time elapsed: 00:00:00
INFO:sim1:Simulation Successful. Time elapsed: 00:00:00
INFO:sim1:Simulation Successful. Time elapsed: 00:00:00
INFO:sim1:Simulation Successful. Time elapsed: 00:00:00
INFO:sim1:Simulation Successful. Time elapsed: 00:00:00
INFO:sim1:Simulation Successful. Time elapsed: 00:00:00
INFO:sim1:Simulation Successful. Time elapsed: 00:00:00
INFO:sim1:Simulation Successful. Time elapsed: 00:00:00
INFO:sim1:Simulation Successful. Time elapsed: 00:00:00
INFO:sim1:Simulation Successful. Time elapsed: 00:00:00
INFO:sim1:Simulation Successful. Time elapsed: 00:00:00
INFO:sim1:Simulation Successful. Time elapsed: 00:00:00
INFO:sim1:Simulation Successful. Time elapsed: 00:00:00
INFO:sim1:Simulation Successful. Time elapsed: 00:00:00
INFO:sim1:Simulation Successful. Time elapsed: 00:00:00
INFO:sim1:Simulation Successful. Time elapsed: 00:00:00
INFO:sim1:Simulation Successful. Time elapsed: 00:00:00
INFO:sim1:Simulation Successful. Time elapsed: 00:00:00
INFO:sim1:Simulation Successful. Time elapsed: 00:00:00
INFO:sim1:Simulation Successful. Time elapsed: 00:00:00
INFO:sim1:Simulation Successful. Time elapsed: 00:00:00
INFO:sim1:Simulation Successful. Time elapsed: 00:00:00
INFO:sim1:Simulation Successful. Time elapsed: 00:00:00
INFO:sim1:Simulation Successful. Time elapsed: 00:00:00
INFO:sim1:Simulation Successful. Time elapsed: 00:00:00
INFO:sim1:Simulation Successful. Time elapsed: 00:00:00
INFO:sim1:Simulation Successful. Time elapsed: 00:00:00
INFO:sim1:Simulation Successful. Time elapsed: 00:00:00
INFO:sim1:Simulation Successful. Time elapsed: 00:00:00
INFO:sim1:Simulation Successful. Time elapsed: 00:00:00
INFO:sim1:Simulation Successful. Time elapsed: 00:00:00
INFO:sim1:Simulation Successful. Time elapsed: 00:00:00
INFO:sim1:Simulation Successful. Time elapsed: 00:00:00
INFO:sim1:Simulation Successful. Time elapsed: 00:00:00
INFO:sim1:Simulation Successful. Time elapsed: 00:00:00
INFO:sim1:Simulation Successful. Time elapsed: 00:00:00
INFO:sim1:Simulation Successful. Time elapsed: 00:00:00
INFO:sim1:Simulation Successful. Time elapsed: 00:00:00
INFO:sim1:Simulation Successful. Time elapsed: 00:00:00
INFO:sim1:Simulation Successful. Time elapsed: 00:00:00
INFO:sim1:Simulation Successful. Time elapsed: 00:00:00
INFO:sim1:Simulation Successful. Time elapsed: 00:00:00
INFO:sim1:Simulation Successful. Time elapsed: 00:00:00
INFO:sim1:Simulation Successful. Time elapsed: 00:00:00
INFO:sim1:Simulation Successful. Time elapsed: 00:00:00
INFO:sim1:Simulation Successful. Time elapsed: 00:00:00
INFO:sim1:Simulation Successful. Time elapsed: 00:00:00
INFO:sim1:Simulation Successful. Time elapsed: 00:00:00
INFO:sim1:Simulation Successful. Time elapsed: 00:00:00
INFO:sim1:Simulation Successful. Time elapsed: 00:00:00
INFO:sim1:Simulation Successful. Time elapsed: 00:00:00
INFO:sim1:Simulation Successful. Time elapsed: 00:00:00
INFO:sim1:Simulation Successful. Time elapsed: 00:00:00
INFO:sim1:Simulation Successful. Time elapsed: 00:00:00
INFO:sim1:Simulation Successful. Time elapsed: 00:00:00
INFO:sim1:Simulation Successful. Time elapsed: 00:00:00
INFO:sim1:Simulation Successful. Time elapsed: 00:00:00
INFO:sim1:Simulation Successful. Time elapsed: 00:00:00
INFO:sim1:Simulation Successful. Time elapsed: 00:00:00
INFO:sim1:Simulation Successful. Time elapsed: 00:00:00
INFO:sim1:Simulation Successful. Time elapsed: 00:00:00
INFO:sim1:Simulation Successful. Time elapsed: 00:00:00
WARNING:sim1:Tue Dec  6 14:15:48 2022: Simulation Failed. Time elapsed 00:00:00:

INFO:sim1:Simulation Successful. Time elapsed: 00:00:00
WARNING:sim1:Tue Dec  6 14:20:13 2022: Simulation Failed. Time elapsed 00:00:00:

INFO:sim1:Simulation Successful. Time elapsed: 00:00:00
WARNING:sim1:Tue Dec  6 14:21:31 2022: Simulation Failed. Time elapsed 00:00:00:

INFO:sim1:Simulation Successful. Time elapsed: 00:00:00
WARNING:sim1:Tue Dec  6 14:22:06 2022: Simulation Failed. Time elapsed 00:00:00:

INFO:sim1:Simulation Successful. Time elapsed: 00:00:00
INFO:sim1:Simulation Successful. Time elapsed: 00:00:00
WARNING:sim1:Tue Dec  6 14:23:19 2022: Simulation Failed. Time elapsed 00:00:00:

INFO:sim1:Simulation Successful. Time elapsed: 00:00:00
INFO:sim1:Simulation Successful. Time elapsed: 00:00:00
INFO:sim1:Simulation Successful. Time elapsed: 00:00:00
WARNING:sim1:Tue Dec  6 14:26:32 2022: Simulation Failed. Time elapsed 00:00:00:

INFO:sim1:Simulation Successful. Time elapsed: 00:00:00
INFO:sim1:Simulation Successful. Time elapsed: 00:00:00
WARNING:sim1:Tue Dec  6 14:27:40 2022: Simulation Failed. Time elapsed 00:00:00:

INFO:sim1:Simulation Successful. Time elapsed: 00:00:00
INFO:sim1:Simulation Successful. Time elapsed: 00:00:00
INFO:sim1:Simulation Successful. Time elapsed: 00:00:00
INFO:sim1:Simulation Successful. Time elapsed: 00:00:00
INFO:sim1:Simulation Successful. Time elapsed: 00:00:00
INFO:sim1:Simulation Successful. Time elapsed: 00:00:00
INFO:sim1:Simulation Successful. Time elapsed: 00:00:00
INFO:sim1:Simulation Successful. Time elapsed: 00:00:00
INFO:sim1:Simulation Successful. Time elapsed: 00:00:00
INFO:sim1:Simulation Successful. Time elapsed: 00:00:00
INFO:sim1:Simulation Successful. Time elapsed: 00:00:00
INFO:sim1:Simulation Successful. Time elapsed: 00:00:00
INFO:sim1:Simulation Successful. Time elapsed: 00:00:00
INFO:sim1:Simulation Successful. Time elapsed: 00:00:00
INFO:sim1:Simulation Successful. Time elapsed: 00:00:00
INFO:sim1:Simulation Successful. Time elapsed: 00:00:00
INFO:sim1:Simulation Successful. Time elapsed: 00:00:00
INFO:sim1:Simulation Successful. Time elapsed: 00:00:00
INFO:sim1:Simulation Successful. Time elapsed: 00:00:00
INFO:sim1:Simulation Successful. Time elapsed: 00:00:00
INFO:sim1:Simulation Successful. Time elapsed: 00:00:00
INFO:sim1:Simulation Successful. Time elapsed: 00:00:00
INFO:sim1:Simulation Successful. Time elapsed: 00:00:00
INFO:sim1:Simulation Successful. Time elapsed: 00:00:00
INFO:sim1:Simulation Successful. Time elapsed: 00:00:00
INFO:sim1:Simulation Successful. Time elapsed: 00:00:00
INFO:sim1:Simulation Successful. Time elapsed: 00:00:00
INFO:sim1:Simulation Successful. Time elapsed: 00:00:00
INFO:sim1:Simulation Successful. Time elapsed: 00:00:00
INFO:sim1:Simulation Successful. Time elapsed: 00:00:00
INFO:sim1:Simulation Successful. Time elapsed: 00:00:00
INFO:sim1:Simulation Successful. Time elapsed: 00:00:00
INFO:sim1:Simulation Successful. Time elapsed: 00:00:00
INFO:sim1:Simulation Successful. Time elapsed: 00:00:00
INFO:sim1:Simulation Successful. Time elapsed: 00:00:00
INFO:sim1:Simulation Successful. Time elapsed: 00:00:00
INFO:sim1:Simulation Successful. Time elapsed: 00:00:00
INFO:sim1:Simulation Successful. Time elapsed: 00:00:00
INFO:sim1:Simulation Successful. Time elapsed: 00:00:00
INFO:sim1:Simulation Successful. Time elapsed: 00:00:00
INFO:sim1:Simulation Successful. Time elapsed: 00:00:00
INFO:sim1:Simulation Successful. Time elapsed: 00:00:00
INFO:sim1:Simulation Successful. Time elapsed: 00:00:00
INFO:sim1:Simulation Successful. Time elapsed: 00:00:00
INFO:sim1:Simulation Successful. Time elapsed: 00:00:00
INFO:sim1:Simulation Successful. Time elapsed: 00:00:00
INFO:sim1:Simulation Successful. Time elapsed: 00:00:00
INFO:sim1:Simulation Successful. Time elapsed: 00:00:00
INFO:sim1:Simulation Successful. Time elapsed: 00:00:00
INFO:sim1:Simulation Successful. Time elapsed: 00:00:00
INFO:sim1:Simulation Successful. Time elapsed: 00:00:00
INFO:sim1:Simulation Successful. Time elapsed: 00:00:00
INFO:sim1:Simulation Successful. Time elapsed: 00:00:00
INFO:sim1:Simulation Successful. Time elapsed: 00:00:00
INFO:sim1:Simulation Successful. Time elapsed: 00:00:00
INFO:sim1:Simulation Successful. Time elapsed: 00:00:00
INFO:sim1:Simulation Successful. Time elapsed: 00:00:00
INFO:sim1:Simulation Successful. Time elapsed: 00:00:00
INFO:sim1:Simulation Successful. Time elapsed: 00:00:00
INFO:sim1:Simulation Successful. Time elapsed: 00:00:00
INFO:sim1:Simulation Successful. Time elapsed: 00:00:00
INFO:sim1:Simulation Successful. Time elapsed: 00:00:00
INFO:sim1:Simulation Successful. Time elapsed: 00:00:00
INFO:sim1:Simulation Successful. Time elapsed: 00:00:00
INFO:sim1:Simulation Successful. Time elapsed: 00:00:00
INFO:sim1:Simulation Successful. Time elapsed: 00:00:00
INFO:sim1:Simulation Successful. Time elapsed: 00:00:00
INFO:sim1:Simulation Successful. Time elapsed: 00:00:00
INFO:sim1:Simulation Successful. Time elapsed: 00:00:00
INFO:sim1:Simulation Successful. Time elapsed: 00:00:00
INFO:sim1:Simulation Successful. Time elapsed: 00:00:00
INFO:sim1:Simulation Successful. Time elapsed: 00:00:00
INFO:sim1:Simulation Successful. Time elapsed: 00:00:00
INFO:sim1:Simulation Successful. Time elapsed: 00:00:00
INFO:sim1:Simulation Successful. Time elapsed: 00:00:00
INFO:sim1:Simulation Successful. Time elapsed: 00:00:00
INFO:sim1:Simulation Successful. Time elapsed: 00:00:00
INFO:sim1:Simulation Successful. Time elapsed: 00:00:00
INFO:sim1:Simulation Successful. Time elapsed: 00:00:00
INFO:sim1:Simulation Successful. Time elapsed: 00:00:00
INFO:sim1:Simulation Successful. Time elapsed: 00:00:00
INFO:sim1:Simulation Successful. Time elapsed: 00:00:00
INFO:sim1:Simulation Successful. Time elapsed: 00:00:00
INFO:sim1:Simulation Successful. Time elapsed: 00:00:00
INFO:sim1:Simulation Successful. Time elapsed: 00:00:00
INFO:sim1:Simulation Successful. Time elapsed: 00:00:00
INFO:sim1:Simulation Successful. Time elapsed: 00:00:00
INFO:sim1:Simulation Successful. Time elapsed: 00:00:00
INFO:sim1:Simulation Successful. Time elapsed: 00:00:00
INFO:sim1:Simulation Successful. Time elapsed: 00:00:00
INFO:sim1:Simulation Successful. Time elapsed: 00:00:00
INFO:sim1:Simulation Successful. Time elapsed: 00:00:00
INFO:sim1:Simulation Successful. Time elapsed: 00:00:00
INFO:sim1:Simulation Successful. Time elapsed: 00:00:00
INFO:sim1:Simulation Successful. Time elapsed: 00:00:00
INFO:sim1:Simulation Successful. Time elapsed: 00:00:00
INFO:sim1:Simulation Successful. Time elapsed: 00:00:00
INFO:sim1:Simulation Successful. Time elapsed: 00:00:00
INFO:sim1:Simulation Successful. Time elapsed: 00:00:00
INFO:sim1:Simulation Successful. Time elapsed: 00:00:00
INFO:sim1:Simulation Successful. Time elapsed: 00:00:00
INFO:sim1:Simulation Successful. Time elapsed: 00:00:00
INFO:sim1:Simulation Successful. Time elapsed: 00:00:00
INFO:sim1:Simulation Successful. Time elapsed: 00:00:00
INFO:sim1:Simulation Successful. Time elapsed: 00:00:00
INFO:sim1:Simulation Successful. Time elapsed: 00:00:00
INFO:sim1:Simulation Successful. Time elapsed: 00:00:00
INFO:sim1:Simulation Successful. Time elapsed: 00:00:00
INFO:sim1:Simulation Successful. Time elapsed: 00:00:00
INFO:sim1:Simulation Successful. Time elapsed: 00:00:00
INFO:sim1:Simulation Successful. Time elapsed: 00:00:00
INFO:sim1:Simulation Successful. Time elapsed: 00:00:00
INFO:sim1:Simulation Successful. Time elapsed: 00:00:00
INFO:sim1:Simulation Successful. Time elapsed: 00:00:00
INFO:sim1:Simulation Successful. Time elapsed: 00:00:00
INFO:sim1:Simulation Successful. Time elapsed: 00:00:00
INFO:sim1:Simulation Successful. Time elapsed: 00:00:00
INFO:sim1:Simulation Successful. Time elapsed: 00:00:00
INFO:sim1:Simulation Successful. Time elapsed: 00:00:00
INFO:sim1:Simulation Successful. Time elapsed: 00:00:00
INFO:sim1:Simulation Successful. Time elapsed: 00:00:00
INFO:sim1:Simulation Successful. Time elapsed: 00:00:00
INFO:sim1:Simulation Successful. Time elapsed: 00:00:00
INFO:sim1:Simulation Successful. Time elapsed: 00:00:00
INFO:sim1:Simulation Successful. Time elapsed: 00:00:00
INFO:sim1:Simulation Successful. Time elapsed: 00:00:00
INFO:sim1:Simulation Successful. Time elapsed: 00:00:00
INFO:sim1:Simulation Successful. Time elapsed: 00:00:00
INFO:sim1:Simulation Successful. Time elapsed: 00:00:00
INFO:sim1:Simulation Successful. Time elapsed: 00:00:00
INFO:sim1:Simulation Successful. Time elapsed: 00:00:00
INFO:sim1:Simulation Successful. Time elapsed: 00:00:00
INFO:sim1:Simulation Successful. Time elapsed: 00:00:00
INFO:sim1:Simulation Successful. Time elapsed: 00:00:00
INFO:sim1:Simulation Successful. Time elapsed: 00:00:00
INFO:sim1:Simulation Successful. Time elapsed: 00:00:00
INFO:sim1:Simulation Successful. Time elapsed: 00:00:00
INFO:sim1:Simulation Successful. Time elapsed: 00:00:00
INFO:sim1:Simulation Successful. Time elapsed: 00:00:00
INFO:sim1:Simulation Successful. Time elapsed: 00:00:00
INFO:sim1:Simulation Successful. Time elapsed: 00:00:00
INFO:sim1:Simulation Successful. Time elapsed: 00:00:00
INFO:sim1:Simulation Successful. Time elapsed: 00:00:00
INFO:sim1:Simulation Successful. Time elapsed: 00:00:00
INFO:sim1:Simulation Successful. Time elapsed: 00:00:00
INFO:sim1:Simulation Successful. Time elapsed: 00:00:00
INFO:sim1:Simulation Successful. Time elapsed: 00:00:00
INFO:sim1:Simulation Successful. Time elapsed: 00:00:00
INFO:sim1:Simulation Successful. Time elapsed: 00:00:00
INFO:sim1:Simulation Successful. Time elapsed: 00:00:00
INFO:sim1:Simulation Successful. Time elapsed: 00:00:00
INFO:sim1:Simulation Successful. Time elapsed: 00:00:00
INFO:sim1:Simulation Successful. Time elapsed: 00:00:00
INFO:sim1:Simulation Successful. Time elapsed: 00:00:00
INFO:sim1:Simulation Successful. Time elapsed: 00:00:00
INFO:sim1:Simulation Successful. Time elapsed: 00:00:00
INFO:sim1:Simulation Successful. Time elapsed: 00:00:00
INFO:sim1:Simulation Successful. Time elapsed: 00:00:00
INFO:sim1:Simulation Successful. Time elapsed: 00:00:00
INFO:sim1:Simulation Successful. Time elapsed: 00:00:00
INFO:sim1:Simulation Successful. Time elapsed: 00:00:00
INFO:sim1:Simulation Successful. Time elapsed: 00:00:00
INFO:sim1:Simulation Successful. Time elapsed: 00:00:00
INFO:sim1:Simulation Successful. Time elapsed: 00:00:00
INFO:sim1:Simulation Successful. Time elapsed: 00:00:00
INFO:sim1:Simulation Successful. Time elapsed: 00:00:00
INFO:sim1:Simulation Successful. Time elapsed: 00:00:00
INFO:sim1:Simulation Successful. Time elapsed: 00:00:00
INFO:sim1:Simulation Successful. Time elapsed: 00:00:00
INFO:sim1:Simulation Successful. Time elapsed: 00:00:00
INFO:sim1:Simulation Successful. Time elapsed: 00:00:00
INFO:sim1:Simulation Successful. Time elapsed: 00:00:00
INFO:sim1:Simulation Successful. Time elapsed: 00:00:00
INFO:sim1:Simulation Successful. Time elapsed: 00:00:00
INFO:sim1:Simulation Successful. Time elapsed: 00:00:00
INFO:sim1:Simulation Successful. Time elapsed: 00:00:00
INFO:sim1:Simulation Successful. Time elapsed: 00:00:00
INFO:sim1:Simulation Successful. Time elapsed: 00:00:00
INFO:sim1:Simulation Successful. Time elapsed: 00:00:00
INFO:sim1:Simulation Successful. Time elapsed: 00:00:00
INFO:sim1:Simulation Successful. Time elapsed: 00:00:00
INFO:sim1:Simulation Successful. Time elapsed: 00:00:00
INFO:sim1:Simulation Successful. Time elapsed: 00:00:00
INFO:sim1:Simulation Successful. Time elapsed: 00:00:00
INFO:sim1:Simulation Successful. Time elapsed: 00:00:00
INFO:sim1:Simulation Successful. Time elapsed: 00:00:00
INFO:sim1:Simulation Successful. Time elapsed: 00:00:00
INFO:sim1:Simulation Successful. Time elapsed: 00:00:00
INFO:sim1:Simulation Successful. Time elapsed: 00:00:00
INFO:sim1:Simulation Successful. Time elapsed: 00:00:00
INFO:sim1:Simulation Successful. Time elapsed: 00:00:00
INFO:sim1:Simulation Successful. Time elapsed: 00:00:00
INFO:sim1:Simulation Successful. Time elapsed: 00:00:00
INFO:sim1:Simulation Successful. Time elapsed: 00:00:00
INFO:sim1:Simulation Successful. Time elapsed: 00:00:00
