Questionable use of curly braces in "mp1 vdd vout ldo_out vdd p_50n l={lpass} w={wpass}"
    Error: undefined symbol in: "[lpass]"
Questionable use of curly braces in "mp1 vdd vout ldo_out vdd p_50n l=(lpass) w={wpass}"
    Error: undefined symbol in: "[wpass]"
Questionable use of curly braces in "mp2 vdd vout ldo_out vdd p_50n l={lpass} w={wpass}"
    Error: undefined symbol in: "[lpass]"
Questionable use of curly braces in "mp2 vdd vout ldo_out vdd p_50n l=(lpass) w={wpass}"
    Error: undefined symbol in: "[wpass]"
Questionable use of curly braces in "mp3 vdd nc_01 ldo_out vdd p_50n l={lpass} w={wpass}"
    Error: undefined symbol in: "[lpass]"
Questionable use of curly braces in "mp3 vdd nc_01 ldo_out vdd p_50n l=(lpass) w={wpass}"
    Error: undefined symbol in: "[wpass]"
Questionable use of curly braces in "mp4 vdd vout ldo_out vdd p_50n l={lpass} w={wpass}"
    Error: undefined symbol in: "[lpass]"
Questionable use of curly braces in "mp4 vdd vout ldo_out vdd p_50n l=(lpass) w={wpass}"
    Error: undefined symbol in: "[wpass]"
Questionable use of curly braces in "mp5 vdd vout ldo_out vdd p_50n l={lpass} w={wpass}"
    Error: undefined symbol in: "[lpass]"
Questionable use of curly braces in "mp5 vdd vout ldo_out vdd p_50n l=(lpass) w={wpass}"
    Error: undefined symbol in: "[wpass]"
Questionable use of curly braces in "m1 n001 v+ n004 0 n_50n l={l1} w={w1}"
    Error: undefined symbol in: "[l1]"
Questionable use of curly braces in "m1 n001 v+ n004 0 n_50n l=(l1) w={w1}"
    Error: undefined symbol in: "[w1]"
Questionable use of curly braces in "m2 vdd n002 vout vdd p_50n l={l2} w={w2}"
    Error: undefined symbol in: "[l2]"
Questionable use of curly braces in "m2 vdd n002 vout vdd p_50n l=(l2) w={w2}"
    Error: undefined symbol in: "[w2]"
Questionable use of curly braces in "m3 vdd n001 n001 vdd p_50n l={l3} w={w3}"
    Error: undefined symbol in: "[l3]"
Questionable use of curly braces in "m3 vdd n001 n001 vdd p_50n l=(l3) w={w3}"
    Error: undefined symbol in: "[w3]"
Questionable use of curly braces in "m4 vdd n001 n002 vdd p_50n l={l4} w={w4}"
    Error: undefined symbol in: "[l4]"
Questionable use of curly braces in "m4 vdd n001 n002 vdd p_50n l=(l4) w={w4}"
    Error: undefined symbol in: "[w4]"
Questionable use of curly braces in "m5 n002 fb n004 0 n_50n l={l5} w={w5}"
    Error: undefined symbol in: "[l5]"
Questionable use of curly braces in "m5 n002 fb n004 0 n_50n l=(l5) w={w5}"
    Error: undefined symbol in: "[w5]"
Questionable use of curly braces in "m6 vout n003 0 0 n_50n l={l6} w={w6}"
    Error: undefined symbol in: "[l6]"
Questionable use of curly braces in "m6 vout n003 0 0 n_50n l=(l6) w={w6}"
    Error: undefined symbol in: "[w6]"
Questionable use of curly braces in "m7 n003 n003 0 0 n_50n l={l7} w={w7}"
    Error: undefined symbol in: "[l7]"
Questionable use of curly braces in "m7 n003 n003 0 0 n_50n l=(l7) w={w7}"
    Error: undefined symbol in: "[w7]"
Questionable use of curly braces in "m8 n004 n003 0 0 n_50n l={l8} w={w8}"
    Error: undefined symbol in: "[l8]"
Questionable use of curly braces in "m8 n004 n003 0 0 n_50n l=(l8) w={w8}"
    Error: undefined symbol in: "[w8]"
Questionable use of curly braces in "c2 vout n002 {cm}"
    Error: undefined symbol in: "[cm]"
Circuit: * C:\PRACA\Omni-chip\PMU\LDO_new\Ldo_topology_sim.asc

